D:\Examen3\ClientApp\dist\out-tsc\e2e\src\app.po.js
D:\Examen3\ClientApp\dist\out-tsc\e2e\src\app.po.js.map
D:\Examen3\ClientApp\dist\out-tsc\e2e\src\app.e2e-spec.js
D:\Examen3\ClientApp\dist\out-tsc\e2e\src\app.e2e-spec.js.map
D:\Examen3\ClientApp\dist\out-tsc\src\app\shared\angular-material.module.js
D:\Examen3\ClientApp\dist\out-tsc\src\app\shared\angular-material.module.js.map
D:\Examen3\ClientApp\dist\out-tsc\src\app\core\guards\authentication.guard.js
D:\Examen3\ClientApp\dist\out-tsc\src\app\core\guards\authentication.guard.js.map
D:\Examen3\ClientApp\dist\out-tsc\src\app\core\services\security.models.js
D:\Examen3\ClientApp\dist\out-tsc\src\app\core\services\security.models.js.map
D:\Examen3\ClientApp\dist\out-tsc\src\app\core\services\token.service.js
D:\Examen3\ClientApp\dist\out-tsc\src\app\core\services\token.service.js.map
D:\Examen3\ClientApp\dist\out-tsc\src\app\core\services\http-request-interceptor.js
D:\Examen3\ClientApp\dist\out-tsc\src\app\core\services\http-request-interceptor.js.map
D:\Examen3\ClientApp\dist\out-tsc\src\app\core\services\application.service.js
D:\Examen3\ClientApp\dist\out-tsc\src\app\core\services\application.service.js.map
D:\Examen3\ClientApp\dist\out-tsc\src\app\core\services\security.service.js
D:\Examen3\ClientApp\dist\out-tsc\src\app\core\services\security.service.js.map
D:\Examen3\ClientApp\dist\out-tsc\src\app\core\core.module.js
D:\Examen3\ClientApp\dist\out-tsc\src\app\core\core.module.js.map
D:\Examen3\ClientApp\dist\out-tsc\src\app\app.component.js
D:\Examen3\ClientApp\dist\out-tsc\src\app\app.component.js.map
D:\Examen3\ClientApp\dist\out-tsc\src\app\nav-menu\nav-menu.component.js
D:\Examen3\ClientApp\dist\out-tsc\src\app\nav-menu\nav-menu.component.js.map
D:\Examen3\ClientApp\dist\out-tsc\src\app\home\home.component.js
D:\Examen3\ClientApp\dist\out-tsc\src\app\home\home.component.js.map
D:\Examen3\ClientApp\dist\out-tsc\src\app\counter\counter.component.js
D:\Examen3\ClientApp\dist\out-tsc\src\app\counter\counter.component.js.map
D:\Examen3\ClientApp\dist\out-tsc\src\app\fetch-data\fetch-data.component.js
D:\Examen3\ClientApp\dist\out-tsc\src\app\fetch-data\fetch-data.component.js.map
D:\Examen3\ClientApp\dist\out-tsc\src\app\login\login.component.js
D:\Examen3\ClientApp\dist\out-tsc\src\app\login\login.component.js.map
D:\Examen3\ClientApp\dist\out-tsc\src\app\registration\registration.component.js
D:\Examen3\ClientApp\dist\out-tsc\src\app\registration\registration.component.js.map
D:\Examen3\ClientApp\dist\out-tsc\src\app\app.module.js
D:\Examen3\ClientApp\dist\out-tsc\src\app\app.module.js.map
D:\Examen3\ClientApp\dist\out-tsc\src\environments\environment.js
D:\Examen3\ClientApp\dist\out-tsc\src\environments\environment.js.map
D:\Examen3\ClientApp\dist\out-tsc\src\main.js
D:\Examen3\ClientApp\dist\out-tsc\src\main.js.map
D:\Examen3\ClientApp\dist\out-tsc\src\polyfills.js
D:\Examen3\ClientApp\dist\out-tsc\src\polyfills.js.map
D:\Examen3\ClientApp\dist\out-tsc\src\test.js
D:\Examen3\ClientApp\dist\out-tsc\src\test.js.map
D:\Examen3\ClientApp\dist\out-tsc\src\app\app.server.module.js
D:\Examen3\ClientApp\dist\out-tsc\src\app\app.server.module.js.map
D:\Examen3\ClientApp\dist\out-tsc\src\app\Login\login.module.js
D:\Examen3\ClientApp\dist\out-tsc\src\app\Login\login.module.js.map
D:\Examen3\ClientApp\dist\out-tsc\src\app\core\core.models.js
D:\Examen3\ClientApp\dist\out-tsc\src\app\core\core.models.js.map
D:\Examen3\ClientApp\dist\out-tsc\src\app\counter\counter.component.spec.js
D:\Examen3\ClientApp\dist\out-tsc\src\app\counter\counter.component.spec.js.map
D:\Examen3\ClientApp\dist\out-tsc\src\environments\environment.prod.js
D:\Examen3\ClientApp\dist\out-tsc\src\environments\environment.prod.js.map
